0 info it worked if it ends with ok
1 verbose cli [ 'C:\\Program Files\\nodejs\\node.exe',
1 verbose cli   'C:\\Program Files\\nodejs\\node_modules\\npm\\bin\\npm-cli.js',
1 verbose cli   'start' ]
2 info using npm@3.10.9
3 info using node@v6.9.2
4 verbose run-script [ 'prestart', 'start', 'poststart' ]
5 info lifecycle messenger-get-started@1.0.0~prestart: messenger-get-started@1.0.0
6 silly lifecycle messenger-get-started@1.0.0~prestart: no script for prestart, continuing
7 info lifecycle messenger-get-started@1.0.0~start: messenger-get-started@1.0.0
8 verbose lifecycle messenger-get-started@1.0.0~start: unsafe-perm in lifecycle true
9 verbose lifecycle messenger-get-started@1.0.0~start: PATH: C:\Program Files\nodejs\node_modules\npm\bin\node-gyp-bin;C:\Users\ThienNg\messenger-platform-samples-master\node\node_modules\.bin;"D:\Applications\Heroku\ruby-2.1.7\bin";C:\Program Files\iis express\PHP\v7.0;C:\Program Files\PHP\v5.3;C:\ProgramData\Oracle\Java\javapath;C:\Program Files (x86)\NVIDIA Corporation\PhysX\Common;C:\Windows\system32;C:\Windows;C:\Windows\System32\Wbem;C:\Windows\System32\WindowsPowerShell\v1.0\;C:\Program Files (x86)\Sybase\Shared\PowerBuilder\;D:\Applications\PowerBuilder\Shared\PowerBuilder;D:\Applications\PowerBuilder\Shared\Web Targets;D:\Applications\PowerBuilder12.6\Shared\PowerBuilder;D:\Applications\PowerBuilder12.6\Shared\PowerBuilder\x64;D:\Applications\PowerBuilder12.6\PowerBuilder 12.6;C:\Windows\Microsoft.NET\Framework\v4.0.30319;C:\Program Files\Common Files\Autodesk Shared\;C:\Program Files (x86)\Microsoft SQL Server\100\Tools\Binn\;C:\Program Files\Microsoft SQL Server\100\Tools\Binn\;C:\Program Files\Microsoft SQL Server\100\DTS\Binn\;C:\Program Files (x86)\Microsoft SQL Server\100\DTS\Binn\;C:\Program Files (x86)\Microsoft SQL Server\100\Tools\Binn\VSShell\Common7\IDE\;C:\Program Files (x86)\Microsoft Visual Studio 9.0\Common7\IDE\PrivateAssemblies\;D:\Applications\Heroku\bin;C:\Program Files (x86)\git\cmd;C:\Program Files (x86)\Git\cmd;C:\Program Files\nodejs\;C:\Program Files\cURL\bin;C:\ProgramData\ComposerSetup\bin;C:\Users\ThienNg\AppData\Roaming\npm;C:\Users\ThienNg\AppData\Roaming\Composer\vendor\bin;C:\Program Files (x86)\Git\bin
10 verbose lifecycle messenger-get-started@1.0.0~start: CWD: C:\Users\ThienNg\messenger-platform-samples-master\node
11 silly lifecycle messenger-get-started@1.0.0~start: Args: [ '/d /s /c', 'node app.js' ]
12 silly lifecycle messenger-get-started@1.0.0~start: Returned: code: 1  signal: null
13 info lifecycle messenger-get-started@1.0.0~start: Failed to exec start script
14 verbose stack Error: messenger-get-started@1.0.0 start: `node app.js`
14 verbose stack Exit status 1
14 verbose stack     at EventEmitter.<anonymous> (C:\Program Files\nodejs\node_modules\npm\lib\utils\lifecycle.js:255:16)
14 verbose stack     at emitTwo (events.js:106:13)
14 verbose stack     at EventEmitter.emit (events.js:191:7)
14 verbose stack     at ChildProcess.<anonymous> (C:\Program Files\nodejs\node_modules\npm\lib\utils\spawn.js:40:14)
14 verbose stack     at emitTwo (events.js:106:13)
14 verbose stack     at ChildProcess.emit (events.js:191:7)
14 verbose stack     at maybeClose (internal/child_process.js:877:16)
14 verbose stack     at Process.ChildProcess._handle.onexit (internal/child_process.js:226:5)
15 verbose pkgid messenger-get-started@1.0.0
16 verbose cwd C:\Users\ThienNg\messenger-platform-samples-master\node
17 error Windows_NT 6.1.7601
18 error argv "C:\\Program Files\\nodejs\\node.exe" "C:\\Program Files\\nodejs\\node_modules\\npm\\bin\\npm-cli.js" "start"
19 error node v6.9.2
20 error npm  v3.10.9
21 error code ELIFECYCLE
22 error messenger-get-started@1.0.0 start: `node app.js`
22 error Exit status 1
23 error Failed at the messenger-get-started@1.0.0 start script 'node app.js'.
23 error Make sure you have the latest version of node.js and npm installed.
23 error If you do, this is most likely a problem with the messenger-get-started package,
23 error not with npm itself.
23 error Tell the author that this fails on your system:
23 error     node app.js
23 error You can get information on how to open an issue for this project with:
23 error     npm bugs messenger-get-started
23 error Or if that isn't available, you can get their info via:
23 error     npm owner ls messenger-get-started
23 error There is likely additional logging output above.
24 verbose exit [ 1, true ]
